# Logfile created on Sun Nov 17 22:10:24 +0700 2013 by logger.rb/1.2.6
No such file or directory - /tmp/mysql.sock
./script/../config/../vendor/rails/activerecord/lib/active_record/vendor/mysql.rb:104:in `initialize'
./script/../config/../vendor/rails/activerecord/lib/active_record/vendor/mysql.rb:104:in `new'
./script/../config/../vendor/rails/activerecord/lib/active_record/vendor/mysql.rb:104:in `real_connect'
./script/../config/../vendor/rails/activerecord/lib/active_record/connection_adapters/mysql_adapter.rb:330:in `connect'
./script/../config/../vendor/rails/activerecord/lib/active_record/connection_adapters/mysql_adapter.rb:87:in `initialize'
./script/../config/../vendor/rails/activerecord/lib/active_record/connection_adapters/mysql_adapter.rb:36:in `new'
./script/../config/../vendor/rails/activerecord/lib/active_record/connection_adapters/mysql_adapter.rb:36:in `mysql_connection'
./script/../config/../vendor/rails/activerecord/lib/active_record/connection_adapters/abstract/connection_specification.rb:251:in `send'
./script/../config/../vendor/rails/activerecord/lib/active_record/connection_adapters/abstract/connection_specification.rb:251:in `connection_without_query_cache='
./script/../config/../vendor/rails/activerecord/lib/active_record/query_cache.rb:54:in `connection='
./script/../config/../vendor/rails/activerecord/lib/active_record/connection_adapters/abstract/connection_specification.rb:220:in `retrieve_connection'
./script/../config/../vendor/rails/activerecord/lib/active_record/connection_adapters/abstract/connection_specification.rb:78:in `connection'
./script/../config/../vendor/rails/activerecord/lib/active_record/base.rb:696:in `columns'
./script/../config/../vendor/rails/activerecord/lib/active_record/base.rb:1969:in `attributes_from_column_definition'
./script/../config/../vendor/rails/activerecord/lib/active_record/base.rb:1351:in `initialize_without_callbacks'
./script/../config/../vendor/rails/activerecord/lib/active_record/callbacks.rb:236:in `initialize'
script/../config/../app/models/mt_request_query.rb:61:in `new'
script/../config/../app/models/mt_request_query.rb:61
./script/../config/../vendor/rails/activesupport/lib/active_support/dependencies.rb:140:in `load'
./script/../config/../vendor/rails/activesupport/lib/active_support/dependencies.rb:140:in `load'
./script/../config/../vendor/rails/activesupport/lib/active_support/dependencies.rb:56:in `require_or_load'
./script/../config/../vendor/rails/activesupport/lib/active_support/dependencies.rb:30:in `depend_on'
./script/../config/../vendor/rails/activesupport/lib/active_support/dependencies.rb:85:in `require_dependency'
./script/../config/../vendor/rails/activesupport/lib/active_support/dependencies.rb:98:in `const_missing'
./script/../config/../vendor/rails/activesupport/lib/active_support/dependencies.rb:131:in `const_missing'
./script/../config/../lib/r_s_pager/touched_by_query.rb:6
./script/../config/../vendor/rails/activesupport/lib/active_support/dependencies.rb:147:in `require'
./script/../config/../vendor/rails/activesupport/lib/active_support/dependencies.rb:147:in `require'
script/../config/../app/controllers/application.rb:8
./script/../config/../vendor/rails/activesupport/lib/active_support/dependencies.rb:140:in `load'
./script/../config/../vendor/rails/activesupport/lib/active_support/dependencies.rb:140:in `load'
./script/../config/../vendor/rails/activesupport/lib/active_support/dependencies.rb:56:in `require_or_load'
./script/../config/../vendor/rails/activesupport/lib/active_support/dependencies.rb:30:in `depend_on'
./script/../config/../vendor/rails/activesupport/lib/active_support/dependencies.rb:85:in `require_dependency'
./script/../config/../vendor/rails/railties/lib/dispatcher.rb:69:in `prepare_application'
./script/../config/../vendor/rails/railties/lib/dispatcher.rb:37:in `dispatch'
./script/../config/../vendor/rails/railties/lib/webrick_server.rb:115:in `handle_dispatch'
./script/../config/../vendor/rails/railties/lib/webrick_server.rb:81:in `service'
/home/chungphuoc/.rvm/rubies/ruby-1.8.7-p374/lib/ruby/1.8/webrick/httpserver.rb:104:in `service'
/home/chungphuoc/.rvm/rubies/ruby-1.8.7-p374/lib/ruby/1.8/webrick/httpserver.rb:65:in `run'
/home/chungphuoc/.rvm/rubies/ruby-1.8.7-p374/lib/ruby/1.8/webrick/server.rb:173:in `start_thread'
/home/chungphuoc/.rvm/rubies/ruby-1.8.7-p374/lib/ruby/1.8/webrick/server.rb:162:in `start'
/home/chungphuoc/.rvm/rubies/ruby-1.8.7-p374/lib/ruby/1.8/webrick/server.rb:162:in `start_thread'
/home/chungphuoc/.rvm/rubies/ruby-1.8.7-p374/lib/ruby/1.8/webrick/server.rb:95:in `start'
/home/chungphuoc/.rvm/rubies/ruby-1.8.7-p374/lib/ruby/1.8/webrick/server.rb:92:in `each'
/home/chungphuoc/.rvm/rubies/ruby-1.8.7-p374/lib/ruby/1.8/webrick/server.rb:92:in `start'
/home/chungphuoc/.rvm/rubies/ruby-1.8.7-p374/lib/ruby/1.8/webrick/server.rb:23:in `start'
/home/chungphuoc/.rvm/rubies/ruby-1.8.7-p374/lib/ruby/1.8/webrick/server.rb:82:in `start'
./script/../config/../vendor/rails/railties/lib/webrick_server.rb:67:in `dispatch'
./script/../config/../vendor/rails/railties/lib/commands/servers/webrick.rb:59
./script/../config/../vendor/rails/activesupport/lib/active_support/dependencies.rb:147:in `require'
./script/../config/../vendor/rails/activesupport/lib/active_support/dependencies.rb:147:in `require'
./script/../config/../vendor/rails/railties/lib/commands/server.rb:30
script/server:3:in `require'
script/server:3
